<?xml version="1.0" encoding="UTF-8"?>
<!-- Generated by org.testng.reporters.JUnitReportReporter -->
<testsuite hostname="ASDP1580PO02037" name="Hris" tests="1" failures="0" timestamp="18 Jul 2018 05:37:21 GMT" time="20.691" errors="0">
  <testcase name="login" time="20.691" classname="Hris"/>
</testsuite> <!-- Hris -->
