<?xml version="1.0" encoding="UTF-8"?>
<!-- Generated by org.testng.reporters.JUnitReportReporter -->
<testsuite hostname="ASDP1580PO02037" name="HrisTest" tests="1" failures="0" timestamp="1 Aug 2018 10:13:50 GMT" time="17.048" errors="0">
  <testcase name="login" time="17.048" classname="HrisTest"/>
</testsuite> <!-- HrisTest -->
